<?xml version="1.0" encoding="utf-8"?><testsuites name="pytest tests"><testsuite name="pytest" errors="0" failures="0" skipped="0" tests="8" time="6.077" timestamp="2026-05-20T06:58:25.060439+00:00" hostname="agent-env-3458bceb-188d-4dc3-93cd-726312a34acc"><testcase classname="backend.tests.test_portfolio_api.TestHealth" name="test_health_returns_healthy" time="0.227" /><testcase classname="backend.tests.test_portfolio_api.TestChat" name="test_chat_resume_question_databricks" time="1.418" /><testcase classname="backend.tests.test_portfolio_api.TestChat" name="test_chat_out_of_scope_refusal" time="0.936" /><testcase classname="backend.tests.test_portfolio_api.TestChat" name="test_chat_empty_message_returns_400" time="0.199" /><testcase classname="backend.tests.test_portfolio_api.TestChat" name="test_chat_whitespace_message_returns_400" time="0.132" /><testcase classname="backend.tests.test_portfolio_api.TestChat" name="test_chat_session_continuity" time="2.718" /><testcase classname="backend.tests.test_portfolio_api.TestContact" name="test_create_contact_persists" time="0.210" /><testcase classname="backend.tests.test_portfolio_api.TestContact" name="test_create_contact_invalid_email_422" time="0.124" /></testsuite></testsuites>